2025-04-14 13:50:22,481 INFO  utils.LoggerHandler - Clicked on search bar
2025-04-14 13:50:23,087 INFO  utils.LoggerHandler - Entered ADIDAS
2025-04-14 13:50:23,826 INFO  utils.LoggerHandler - Clicked on Go Button
2025-04-14 13:50:43,806 INFO  utils.LoggerHandler - Verification Successful: https://sportsjam.in/catalogsearch/result/?q=ADIDAS
2025-04-14 13:50:44,211 INFO  utils.LoggerHandler - Clicked on Rocket Sports
2025-04-14 13:50:45,710 INFO  utils.LoggerHandler - Clicked on Shoes
2025-04-14 13:50:45,914 INFO  utils.LoggerHandler - Verification Successful: SEARCH RESULTS FOR: 'ADIDAS'
2025-04-14 13:50:46,730 INFO  utils.LoggerHandler - Clicked on remove racket
2025-04-14 13:50:46,823 INFO  utils.LoggerHandler - Verification Successful: SEARCH RESULTS FOR: 'ADIDAS'
2025-04-14 13:50:48,287 INFO  utils.LoggerHandler - Clicked on Clothing
2025-04-14 13:50:49,736 INFO  utils.LoggerHandler - Clicked on Accessories
2025-04-14 13:50:50,222 INFO  utils.LoggerHandler - Clicked on Running
2025-04-14 13:50:53,151 INFO  utils.LoggerHandler - Clicked on ClearAll
2025-04-14 13:50:53,220 INFO  utils.LoggerHandler - Verification Successful: SEARCH RESULTS FOR: 'ADIDAS'
2025-04-14 13:51:05,635 INFO  utils.LoggerHandler - Verification Successful: Buy Yonex, Babolat, Head, Li-Ning Badminton Rackets Online in India
2025-04-14 13:51:09,736 INFO  utils.LoggerHandler - Verification Successful: Buy Yonex Arcsaber 2 Feel Badminton Racket (Strung, Black/Green) Online
2025-04-14 13:51:09,785 INFO  utils.LoggerHandler - Verification Successful: ADD TO CART
2025-04-14 13:51:13,441 INFO  utils.LoggerHandler - Verification Successful: SHOPPING CART
2025-04-14 13:51:14,301 INFO  utils.LoggerHandler - Verification Successful: PRODUCT ADDED TO CART
2025-04-14 13:51:31,208 INFO  utils.LoggerHandler - Verification Successful: Buy Yonex - Asics and Babolat Badminton Shoes Online in India
2025-04-14 13:51:48,054 INFO  utils.LoggerHandler - Verification Successful: https://sportsjam.in/buy-clothing-online-india
2025-04-14 13:51:48,097 INFO  utils.LoggerHandler - Verification Successful: CLOTHING
2025-04-14 13:51:54,542 INFO  utils.LoggerHandler - Verification Successful: YOU ADDED PRODUCT YONEX MENS SHORTS (2692-JET BLACK) TO THE COMPARISON LIST.
2025-04-14 13:51:57,160 INFO  utils.LoggerHandler - Verification Successful: YOU ADDED PRODUCT YONEX MENS SHORTS (2693-JET BLACK) TO THE COMPARISON LIST.
2025-04-14 13:51:59,712 INFO  utils.LoggerHandler - Verification Successful: https://sportsjam.in/catalog/product_compare/
2025-04-14 13:52:04,497 INFO  utils.LoggerHandler - Verification Successful: YOU REMOVED PRODUCT YONEX MENS SHORTS (2692-JET BLACK) FROM THE COMPARISON LIST.
2025-04-14 13:52:07,926 ERROR utils.LoggerHandler - stale element reference: stale element not found
  (Session info: chrome=135.0.7049.52)
For documentation on this error, please visit: https://www.selenium.dev/documentation/webdriver/troubleshooting/errors#stale-element-reference-exception
Build info: version: '4.15.0', revision: '1d14b5521b'
System info: os.name: 'Linux', os.arch: 'amd64', os.version: '6.1.123+', java.version: '11.0.26'
Driver info: org.openqa.selenium.remote.RemoteWebDriver
Command: [579b0b8465751e1dfe33a9d4196450a2, getElementText {id=f.27E54BA0B43B4A51D5C487E6C5486435.d.473A6A2D544CA50ADABCBBECDF7758D9.e.2074}]
Capabilities {acceptInsecureCerts: false, browserName: chrome, browserVersion: 135.0.7049.52, chrome: {chromedriverVersion: 135.0.7049.42 (0f351bbd2617..., userDataDir: /tmp/.org.chromium.Chromium...}, fedcm:accounts: true, goog:chromeOptions: {debuggerAddress: localhost:42115}, networkConnectionEnabled: false, pageLoadStrategy: normal, platformName: linux, proxy: Proxy(), se:bidiEnabled: false, se:cdp: ws://10.80.102.14:4444/sess..., se:cdpVersion: 135.0.7049.52, se:containerName: bfbcacaffeddbdaccfccbbebfdb..., se:noVncPort: 7900, se:vnc: ws://10.80.102.14:4444/sess..., se:vncEnabled: true, se:vncLocalAddress: ws://10.80.102.14:7900, setWindowRect: true, strictFileInteractability: false, timeouts: {implicit: 0, pageLoad: 300000, script: 30000}, unhandledPromptBehavior: dismiss and notify, webauthn:extension:credBlob: true, webauthn:extension:largeBlob: true, webauthn:extension:minPinLength: true, webauthn:extension:prf: true, webauthn:virtualAuthenticators: true}
Element: [[RemoteWebDriver: chrome on linux (579b0b8465751e1dfe33a9d4196450a2)] -> xpath: //div[contains(text(),'You removed product Yonex Mens Shorts ')]]
Session ID: 579b0b8465751e1dfe33a9d4196450a2
2025-04-14 13:52:08,450 INFO  utils.LoggerHandler - Verification Successful: YOU HAVE NO ITEMS TO COMPARE.
2025-04-14 13:52:21,330 INFO  utils.LoggerHandler - Verification Successful: https://sportsjam.in/sports/cricket-equipment-store-online-india/cricket-protective-gear-shop-online-india/batting-gloves-cricket-shop-online-india
2025-04-14 13:52:21,349 INFO  utils.LoggerHandler - Verification Successful: Batting Gloves Protective Gear Cricket Sports
2025-04-14 13:52:26,395 INFO  utils.LoggerHandler - Clicked on Batting Leg Guards
2025-04-14 13:52:26,554 INFO  utils.LoggerHandler - Verification Successful: https://sportsjam.in/sports/cricket-equipment-store-online-india/cricket-protective-gear-shop-online-india/batting-leg-guards-shop-online-india
2025-04-14 13:52:26,650 INFO  utils.LoggerHandler - Verification Successful: Batting Leg Guards Protective Gear Cricket Sports
2025-04-14 13:52:31,636 INFO  utils.LoggerHandler - Verification Successful: https://sportsjam.in/sports/cricket-equipment-store-online-india/cricket-protective-gear-shop-online-india/wicket-keeping-gloves-cricket-shop-online-india
2025-04-14 13:52:31,731 INFO  utils.LoggerHandler - Verification Successful: Wicket Keeping Gloves Protective Gear Cricket Sports
2025-04-14 13:52:37,744 INFO  utils.LoggerHandler - Verification Successful: https://sportsjam.in/sports/cricket-equipment-store-online-india/cricket-protective-gear-shop-online-india/wicket-keeping-leg-guards-shop-online-india
2025-04-14 13:52:37,900 INFO  utils.LoggerHandler - Verification Successful: Wicket Keeping Leg Guards Protective Gear Cricket Sports
2025-04-14 13:52:42,958 INFO  utils.LoggerHandler - Verification Successful: https://sportsjam.in/sports/cricket-equipment-store-online-india/cricket-protective-gear-shop-online-india/cricket-helmets-shop-online-india
2025-04-14 13:52:48,151 INFO  utils.LoggerHandler - Verification Successful: https://sportsjam.in/sports/cricket-equipment-store-online-india/cricket-protective-gear-shop-online-india/cricket-inner-thigh-pads-shop-online-india
2025-04-14 13:52:48,240 INFO  utils.LoggerHandler - Verification Successful: Inner Thigh Pads Protective Gear Cricket Sports
2025-04-14 13:53:25,102 INFO  utils.LoggerHandler - Verification Successful: SHOP NOW
2025-04-14 13:53:38,850 INFO  utils.LoggerHandler - Verification Successful: THANK YOU FOR REGISTERING WITH SPORTSJAM.
2025-04-14 13:53:40,735 INFO  utils.LoggerHandler - Verification Successful: You have signed out and will go to our homepage in 5 seconds.
2025-04-14 13:53:54,290 INFO  utils.LoggerHandler - Verification Successful: THE ACCOUNT SIGN-IN WAS INCORRECT OR YOUR ACCOUNT IS DISABLED TEMPORARILY. PLEASE WAIT AND TRY AGAIN LATER.
2025-04-14 13:54:10,832 INFO  utils.LoggerHandler - Verification Successful: Customer Login
2025-04-14 13:54:10,832 INFO  utils.LoggerHandler - Customer Login
2025-04-14 13:54:12,180 ERROR utils.LoggerHandler - Assertion Error : Entered Wrong Credentials.expected:<[Delivery Informatio]n> but was:<[Customer Logi]n>
2025-04-14 13:54:12,362 INFO  utils.LoggerHandler - Customer Login
2025-04-14 13:54:13,928 INFO  utils.LoggerHandler - Verification Successful: Payment Options
2025-04-14 13:54:13,929 INFO  utils.LoggerHandler - Payment Options
2025-04-14 13:54:15,732 INFO  utils.LoggerHandler - Verification Successful: sportsjam frequently asked questions
2025-04-14 13:54:15,732 INFO  utils.LoggerHandler - sportsjam frequently asked questions
2025-04-14 13:54:18,830 INFO  utils.LoggerHandler - Verification Successful: returns policy
2025-04-14 13:54:18,830 INFO  utils.LoggerHandler - returns policy
2025-04-14 13:54:25,331 INFO  utils.LoggerHandler - Verification Successful: Sportsjam.in | Kolkata | Facebook
2025-04-14 13:54:31,907 INFO  utils.LoggerHandler - Verification Successful: Sportsjam.in - YouTube
2025-04-14 13:54:38,907 INFO  utils.LoggerHandler - Verification Successful: www.instagram.com
2025-04-14 13:54:45,356 INFO  utils.LoggerHandler - Verification Successful: Sportsjam.in - Twitter
2025-04-14 13:55:00,717 INFO  utils.LoggerHandler - Click on BRAND
2025-04-14 13:55:01,269 INFO  utils.LoggerHandler - click on search bar
2025-04-14 13:55:07,898 INFO  utils.LoggerHandler - Verification Successful: PUMA
2025-04-14 13:55:41,523 INFO  utils.LoggerHandler - Verification Successful: PUMA WOMEN SPORT QUARTERS ASSORTED
2025-04-14 13:55:58,940 INFO  utils.LoggerHandler - hover on shoes
2025-04-14 13:56:18,207 INFO  utils.LoggerHandler - Verification Successful: BADMINTON SHOES
2025-04-14 13:56:20,948 INFO  utils.LoggerHandler - Verification Successful: BADMINTON SHOES
2025-04-14 13:56:22,832 INFO  utils.LoggerHandler - Verification Successful: BASKETBALL SHOES
2025-04-14 13:56:25,165 INFO  utils.LoggerHandler - Verification Successful: CRICKET SHOES
2025-04-14 13:56:28,203 INFO  utils.LoggerHandler - Verification Successful: FOOTBALL SHOES
2025-04-14 13:56:28,212 INFO  utils.LoggerHandler - click on football
2025-04-14 13:56:30,613 INFO  utils.LoggerHandler - Verification Successful: RUNNING SHOES
2025-04-14 13:56:33,399 INFO  utils.LoggerHandler - Verification Successful: SQUASH SHOES
