2025-04-14 14:39:00,593 INFO  utils.LoggerHandler - Clicked on search bar
2025-04-14 14:39:01,172 INFO  utils.LoggerHandler - Entered ADIDAS
2025-04-14 14:39:02,054 INFO  utils.LoggerHandler - Clicked on Go Button
2025-04-14 14:39:22,013 INFO  utils.LoggerHandler - Verification Successful: https://sportsjam.in/catalogsearch/result/?q=ADIDAS
2025-04-14 14:39:22,479 INFO  utils.LoggerHandler - Clicked on Rocket Sports
2025-04-14 14:39:23,986 INFO  utils.LoggerHandler - Clicked on Shoes
2025-04-14 14:39:24,119 INFO  utils.LoggerHandler - Verification Successful: SEARCH RESULTS FOR: 'ADIDAS'
2025-04-14 14:39:24,863 INFO  utils.LoggerHandler - Clicked on remove racket
2025-04-14 14:39:24,986 INFO  utils.LoggerHandler - Verification Successful: SEARCH RESULTS FOR: 'ADIDAS'
2025-04-14 14:39:26,471 INFO  utils.LoggerHandler - Clicked on Clothing
2025-04-14 14:39:27,218 INFO  utils.LoggerHandler - Clicked on Accessories
2025-04-14 14:39:28,870 INFO  utils.LoggerHandler - Clicked on Running
2025-04-14 14:39:30,947 INFO  utils.LoggerHandler - Clicked on ClearAll
2025-04-14 14:39:31,016 INFO  utils.LoggerHandler - Verification Successful: SEARCH RESULTS FOR: 'ADIDAS'
2025-04-14 14:39:44,391 INFO  utils.LoggerHandler - Verification Successful: Buy Yonex, Babolat, Head, Li-Ning Badminton Rackets Online in India
2025-04-14 14:39:47,452 INFO  utils.LoggerHandler - Verification Successful: Buy Yonex Arcsaber 2 Feel Badminton Racket (Strung, Black/Green) Online
2025-04-14 14:39:47,499 INFO  utils.LoggerHandler - Verification Successful: ADD TO CART
2025-04-14 14:39:49,201 INFO  utils.LoggerHandler - Verification Successful: SHOPPING CART
2025-04-14 14:39:49,738 INFO  utils.LoggerHandler - Verification Successful: PRODUCT ADDED TO CART
2025-04-14 14:40:06,589 INFO  utils.LoggerHandler - Verification Successful: Buy Yonex - Asics and Babolat Badminton Shoes Online in India
2025-04-14 14:40:22,423 INFO  utils.LoggerHandler - Verification Successful: https://sportsjam.in/buy-clothing-online-india
2025-04-14 14:40:22,490 INFO  utils.LoggerHandler - Verification Successful: CLOTHING
2025-04-14 14:40:27,816 INFO  utils.LoggerHandler - Verification Successful: YOU ADDED PRODUCT YONEX MENS SHORTS (2692-JET BLACK) TO THE COMPARISON LIST.
2025-04-14 14:40:30,894 INFO  utils.LoggerHandler - Verification Successful: YOU ADDED PRODUCT YONEX MENS SHORTS (2693-JET BLACK) TO THE COMPARISON LIST.
2025-04-14 14:40:33,310 INFO  utils.LoggerHandler - Verification Successful: https://sportsjam.in/catalog/product_compare/
2025-04-14 14:40:37,828 INFO  utils.LoggerHandler - Verification Successful: YOU REMOVED PRODUCT YONEX MENS SHORTS (2692-JET BLACK) FROM THE COMPARISON LIST.
2025-04-14 14:40:42,050 INFO  utils.LoggerHandler - Verification Successful: YOU REMOVED PRODUCT YONEX MENS SHORTS (2693-JET BLACK) FROM THE COMPARISON LIST.
2025-04-14 14:40:42,275 INFO  utils.LoggerHandler - Verification Successful: YOU HAVE NO ITEMS TO COMPARE.
2025-04-14 14:40:55,091 INFO  utils.LoggerHandler - Verification Successful: https://sportsjam.in/sports/cricket-equipment-store-online-india/cricket-protective-gear-shop-online-india/batting-gloves-cricket-shop-online-india
2025-04-14 14:40:55,108 INFO  utils.LoggerHandler - Verification Successful: Batting Gloves Protective Gear Cricket Sports
2025-04-14 14:41:00,711 INFO  utils.LoggerHandler - Clicked on Batting Leg Guards
2025-04-14 14:41:00,936 INFO  utils.LoggerHandler - Verification Successful: https://sportsjam.in/sports/cricket-equipment-store-online-india/cricket-protective-gear-shop-online-india/batting-leg-guards-shop-online-india
2025-04-14 14:41:01,054 INFO  utils.LoggerHandler - Verification Successful: Batting Leg Guards Protective Gear Cricket Sports
2025-04-14 14:41:06,404 INFO  utils.LoggerHandler - Verification Successful: https://sportsjam.in/sports/cricket-equipment-store-online-india/cricket-protective-gear-shop-online-india/wicket-keeping-gloves-cricket-shop-online-india
2025-04-14 14:41:06,515 INFO  utils.LoggerHandler - Verification Successful: Wicket Keeping Gloves Protective Gear Cricket Sports
2025-04-14 14:41:11,737 INFO  utils.LoggerHandler - Verification Successful: https://sportsjam.in/sports/cricket-equipment-store-online-india/cricket-protective-gear-shop-online-india/wicket-keeping-leg-guards-shop-online-india
2025-04-14 14:41:11,917 INFO  utils.LoggerHandler - Verification Successful: Wicket Keeping Leg Guards Protective Gear Cricket Sports
2025-04-14 14:41:17,121 INFO  utils.LoggerHandler - Verification Successful: https://sportsjam.in/sports/cricket-equipment-store-online-india/cricket-protective-gear-shop-online-india/cricket-helmets-shop-online-india
2025-04-14 14:41:23,348 INFO  utils.LoggerHandler - Verification Successful: https://sportsjam.in/sports/cricket-equipment-store-online-india/cricket-protective-gear-shop-online-india/cricket-inner-thigh-pads-shop-online-india
2025-04-14 14:41:23,448 INFO  utils.LoggerHandler - Verification Successful: Inner Thigh Pads Protective Gear Cricket Sports
2025-04-14 14:41:59,209 INFO  utils.LoggerHandler - Verification Successful: SHOP NOW
2025-04-14 14:42:16,249 INFO  utils.LoggerHandler - Verification Successful: THANK YOU FOR REGISTERING WITH SPORTSJAM.
2025-04-14 14:42:19,129 INFO  utils.LoggerHandler - Verification Successful: You have signed out and will go to our homepage in 5 seconds.
2025-04-14 14:42:33,375 INFO  utils.LoggerHandler - Verification Successful: THE ACCOUNT SIGN-IN WAS INCORRECT OR YOUR ACCOUNT IS DISABLED TEMPORARILY. PLEASE WAIT AND TRY AGAIN LATER.
2025-04-14 14:42:44,304 INFO  utils.LoggerHandler - Verification Successful: Customer Login
2025-04-14 14:42:44,307 INFO  utils.LoggerHandler - Customer Login
2025-04-14 14:42:46,238 INFO  utils.LoggerHandler - Verification Successful: Delivery Information
2025-04-14 14:42:46,238 INFO  utils.LoggerHandler - Delivery Information
2025-04-14 14:42:48,335 INFO  utils.LoggerHandler - Verification Successful: Payment Options
2025-04-14 14:42:48,335 INFO  utils.LoggerHandler - Payment Options
2025-04-14 14:42:50,334 INFO  utils.LoggerHandler - Verification Successful: sportsjam frequently asked questions
2025-04-14 14:42:50,335 INFO  utils.LoggerHandler - sportsjam frequently asked questions
2025-04-14 14:42:52,420 INFO  utils.LoggerHandler - Verification Successful: returns policy
2025-04-14 14:42:52,421 INFO  utils.LoggerHandler - returns policy
2025-04-14 14:43:03,731 INFO  utils.LoggerHandler - Verification Successful: Sportsjam.in | Kolkata | Facebook
2025-04-14 14:43:10,313 INFO  utils.LoggerHandler - Verification Successful: Sportsjam.in - YouTube
2025-04-14 14:43:17,005 INFO  utils.LoggerHandler - Verification Successful: www.instagram.com
2025-04-14 14:43:23,524 INFO  utils.LoggerHandler - Verification Successful: Sportsjam.in - Twitter
2025-04-14 14:43:41,522 INFO  utils.LoggerHandler - Click on BRAND
2025-04-14 14:43:42,156 INFO  utils.LoggerHandler - click on search bar
2025-04-14 14:43:46,297 INFO  utils.LoggerHandler - Verification Successful: PUMA
2025-04-14 14:44:20,582 INFO  utils.LoggerHandler - Verification Successful: PUMA WOMEN SPORT QUARTERS ASSORTED
2025-04-14 14:44:37,501 INFO  utils.LoggerHandler - hover on shoes
2025-04-14 14:44:56,866 INFO  utils.LoggerHandler - Verification Successful: BADMINTON SHOES
2025-04-14 14:44:59,806 INFO  utils.LoggerHandler - Verification Successful: BADMINTON SHOES
2025-04-14 14:45:02,208 INFO  utils.LoggerHandler - Verification Successful: BASKETBALL SHOES
2025-04-14 14:45:05,603 INFO  utils.LoggerHandler - Verification Successful: CRICKET SHOES
2025-04-14 14:45:08,223 INFO  utils.LoggerHandler - Verification Successful: FOOTBALL SHOES
2025-04-14 14:45:08,229 INFO  utils.LoggerHandler - click on football
2025-04-14 14:45:11,027 INFO  utils.LoggerHandler - Verification Successful: RUNNING SHOES
2025-04-14 14:45:14,425 INFO  utils.LoggerHandler - Verification Successful: SQUASH SHOES
